#
# There is insufficient memory for the Java Runtime Environment to continue.
# Native memory allocation (mmap) failed to map 201326592 bytes for Failed to commit area from 0x0000000740800000 to 0x000000074c800000 of length 201326592.
# Possible reasons:
#   The system is out of physical RAM or swap space
#   The process is running with CompressedOops enabled, and the Java Heap may be blocking the growth of the native heap
# Possible solutions:
#   Reduce memory load on the system
#   Increase physical memory or swap space
#   Check if swap backing store is full
#   Decrease Java heap size (-Xmx/-Xms)
#   Decrease number of Java threads
#   Decrease Java thread stack sizes (-Xss)
#   Set larger code cache with -XX:ReservedCodeCacheSize=
# This output file may be truncated or incomplete.
#
#  Out of Memory Error (./open/src/hotspot/os/windows/os_windows.cpp:3273), pid=18492, tid=11552
#
# JRE version:  (11.0.11+9) (build )
# Java VM: Java HotSpot(TM) 64-Bit Server VM (11.0.11+9-LTS-194, mixed mode, sharing, tiered, compressed oops, g1 gc, windows-amd64)
# No core dump will be written. Minidumps are not enabled by default on client versions of Windows
#

---------------  S U M M A R Y ------------

Command Line: -Dfile.encoding=UTF-8 

Host: Intel(R) Pentium(R) CPU G4560 @ 3.50GHz, 4 cores, 11G,  Windows 10 , 64 bit Build 19041 (10.0.19041.1741)
Time: Mon Jun 20 22:07:59 2022 Hora oficial do Brasil elapsed time: 0.012834 seconds (0d 0h 0m 0s)

---------------  T H R E A D  ---------------

Current thread (0x0000022afa977000):  JavaThread "Unknown thread" [_thread_in_vm, id=11552, stack(0x00000054ece00000,0x00000054ecf00000)]

Stack: [0x00000054ece00000,0x00000054ecf00000]
Native frames: (J=compiled Java code, j=interpreted, Vv=VM code, C=native code)
V  [jvm.dll+0x616f2a]
V  [jvm.dll+0x74de7f]
V  [jvm.dll+0x74f505]
V  [jvm.dll+0x74fb83]
V  [jvm.dll+0x2436d8]
V  [jvm.dll+0x61431a]
V  [jvm.dll+0x6090f5]
V  [jvm.dll+0x2f7eec]
V  [jvm.dll+0x2f7d72]
V  [jvm.dll+0x2fca26]
V  [jvm.dll+0x33efef]
V  [jvm.dll+0x33ea20]
V  [jvm.dll+0x2d5608]
V  [jvm.dll+0x2d6766]
V  [jvm.dll+0x7299e7]
V  [jvm.dll+0x72b28f]
V  [jvm.dll+0x34bd39]
V  [jvm.dll+0x70f360]
V  [jvm.dll+0x3b50df]
V  [jvm.dll+0x3b71e1]
C  [jli.dll+0x520b]
C  [ucrtbase.dll+0x21bb2]
C  [KERNEL32.DLL+0x17034]
C  [ntdll.dll+0x52651]


---------------  P R O C E S S  ---------------

Threads class SMR info:
_java_thread_list=0x0000022af8ff1310, length=0, elements={
}

Java Threads: ( => current thread )

Other Threads:
  0x0000022afa98c800 GCTaskThread "GC Thread#0" [stack: 0x00000054ecf00000,0x00000054ed000000] [id=8408]
  0x0000022afa9d3000 ConcurrentGCThread "G1 Main Marker" [stack: 0x00000054ed000000,0x00000054ed100000] [id=2948]
  0x0000022afa9d5800 ConcurrentGCThread "G1 Conc#0" [stack: 0x00000054ed100000,0x00000054ed200000] [id=14668]

[error occurred during error reporting (printing all threads), id 0xc0000005, EXCEPTION_ACCESS_VIOLATION (0xc0000005) at pc=0x00007ff99e374857]

VM state:not at safepoint (not fully initialized)

VM Mutex/Monitor currently owned by a thread:  ([mutex/lock_event])
[0x0000022afa9721f0] Heap_lock - owner thread: 0x0000022afa977000

Heap address: 0x0000000740800000, size: 3064 MB, Compressed Oops mode: Non-zero based: 0x0000000740800000
Narrow klass base: 0x0000000000000000, Narrow klass shift: 0

GC Heap History (0 events):
No events

Deoptimization events (0 events):
No events

Classes redefined (0 events):
No events

Internal exceptions (0 events):
No events

Events (0 events):
No events


Dynamic libraries:
0x00007ff617240000 - 0x00007ff61724f000 	C:\Program Files\Java\jdk-11.0.11\bin\java.exe
0x00007ff9da870000 - 0x00007ff9daa67000 	C:\WINDOWS\SYSTEM32\ntdll.dll
0x00007ff9da570000 - 0x00007ff9da62d000 	C:\WINDOWS\System32\KERNEL32.DLL
0x00007ff9d8340000 - 0x00007ff9d860d000 	C:\WINDOWS\System32\KERNELBASE.dll
0x00007ff9d8100000 - 0x00007ff9d8200000 	C:\WINDOWS\System32\ucrtbase.dll
0x00007ff9d32c0000 - 0x00007ff9d32d8000 	C:\Program Files\Java\jdk-11.0.11\bin\jli.dll
0x00007ff9cf0a0000 - 0x00007ff9cf0b5000 	C:\Program Files\Java\jdk-11.0.11\bin\VCRUNTIME140.dll
0x00007ff9da750000 - 0x00007ff9da7fe000 	C:\WINDOWS\System32\ADVAPI32.dll
0x00007ff9d8fe0000 - 0x00007ff9d907e000 	C:\WINDOWS\System32\msvcrt.dll
0x00007ff9da280000 - 0x00007ff9da31c000 	C:\WINDOWS\System32\sechost.dll
0x00007ff9d89d0000 - 0x00007ff9d8af5000 	C:\WINDOWS\System32\RPCRT4.dll
0x00007ff9da0e0000 - 0x00007ff9da280000 	C:\WINDOWS\System32\USER32.dll
0x00007ff9c42f0000 - 0x00007ff9c458a000 	C:\WINDOWS\WinSxS\amd64_microsoft.windows.common-controls_6595b64144ccf1df_6.0.19041.1110_none_60b5254171f9507e\COMCTL32.dll
0x00007ff9d8fb0000 - 0x00007ff9d8fda000 	C:\WINDOWS\System32\GDI32.dll
0x00007ff9d8310000 - 0x00007ff9d8332000 	C:\WINDOWS\System32\win32u.dll
0x00007ff9d8200000 - 0x00007ff9d830b000 	C:\WINDOWS\System32\gdi32full.dll
0x00007ff9d8800000 - 0x00007ff9d889d000 	C:\WINDOWS\System32\msvcp_win.dll
0x00007ff9d2370000 - 0x00007ff9d237a000 	C:\WINDOWS\SYSTEM32\VERSION.dll
0x00007ff9d8cf0000 - 0x00007ff9d8d20000 	C:\WINDOWS\System32\IMM32.DLL
0x00007ff9a67c0000 - 0x00007ff9a685b000 	C:\Program Files\Java\jdk-11.0.11\bin\msvcp140.dll
0x00007ff99e090000 - 0x00007ff99eb8e000 	C:\Program Files\Java\jdk-11.0.11\bin\server\jvm.dll
0x00007ff9da4e0000 - 0x00007ff9da4e8000 	C:\WINDOWS\System32\PSAPI.DLL
0x00007ff9bcea0000 - 0x00007ff9bcea9000 	C:\WINDOWS\SYSTEM32\WSOCK32.dll
0x00007ff9cffb0000 - 0x00007ff9cffd7000 	C:\WINDOWS\SYSTEM32\WINMM.dll
0x00007ff9da380000 - 0x00007ff9da3eb000 	C:\WINDOWS\System32\WS2_32.dll
0x00007ff9d5e80000 - 0x00007ff9d5e92000 	C:\WINDOWS\SYSTEM32\kernel.appcore.dll
0x00007ff9d3560000 - 0x00007ff9d3570000 	C:\Program Files\Java\jdk-11.0.11\bin\verify.dll
0x00007ff9c6410000 - 0x00007ff9c65f4000 	C:\WINDOWS\SYSTEM32\DBGHELP.DLL
0x00007ff9c2ef0000 - 0x00007ff9c2f1c000 	C:\WINDOWS\SYSTEM32\dbgcore.DLL
0x00007ff9d8610000 - 0x00007ff9d8692000 	C:\WINDOWS\System32\bcryptPrimitives.dll
0x00007ff9c7c40000 - 0x00007ff9c7c68000 	C:\Program Files\Java\jdk-11.0.11\bin\java.dll
0x00007ff9d08c0000 - 0x00007ff9d08ca000 	C:\Program Files\Java\jdk-11.0.11\bin\jimage.dll
0x00007ff9c6620000 - 0x00007ff9c6636000 	C:\Program Files\Java\jdk-11.0.11\bin\zip.dll

dbghelp: loaded successfully - version: 4.0.5 - missing functions: none
symbol engine: initialized successfully - sym options: 0x614 - pdb path: .;C:\Program Files\Java\jdk-11.0.11\bin;C:\WINDOWS\SYSTEM32;C:\WINDOWS\WinSxS\amd64_microsoft.windows.common-controls_6595b64144ccf1df_6.0.19041.1110_none_60b5254171f9507e;C:\Program Files\Java\jdk-11.0.11\bin\server

VM Arguments:
jvm_args: -Dfile.encoding=UTF-8 
java_command: <unknown>
java_class_path (initial): <not set>
Launcher Type: SUN_STANDARD

[Global flags]
     intx CICompilerCount                          = 3                                         {product} {ergonomic}
     uint ConcGCThreads                            = 1                                         {product} {ergonomic}
     uint G1ConcRefinementThreads                  = 4                                         {product} {ergonomic}
   size_t G1HeapRegionSize                         = 1048576                                   {product} {ergonomic}
    uintx GCDrainStackTargetSize                   = 64                                        {product} {ergonomic}
   size_t InitialHeapSize                          = 201326592                                 {product} {ergonomic}
   size_t MarkStackSize                            = 4194304                                   {product} {ergonomic}
   size_t MaxHeapSize                              = 3212836864                                {product} {ergonomic}
   size_t MinHeapDeltaBytes                        = 1048576                                   {product} {ergonomic}
    uintx NonNMethodCodeHeapSize                   = 5830732                                {pd product} {ergonomic}
    uintx NonProfiledCodeHeapSize                  = 122913754                              {pd product} {ergonomic}
    uintx ProfiledCodeHeapSize                     = 122913754                              {pd product} {ergonomic}
    uintx ReservedCodeCacheSize                    = 251658240                              {pd product} {ergonomic}
     bool SegmentedCodeCache                       = true                                      {product} {ergonomic}
     bool UseCompressedClassPointers               = true                                 {lp64_product} {ergonomic}
     bool UseCompressedOops                        = true                                 {lp64_product} {ergonomic}
     bool UseG1GC                                  = true                                      {product} {ergonomic}
     bool UseLargePagesIndividualAllocation        = false                                  {pd product} {ergonomic}

Logging:
Log output configuration:
 #0: stdout all=warning uptime,level,tags
 #1: stderr all=off uptime,level,tags

Environment Variables:
JAVA_HOME=C:\Program Files\Java\jdk1.8.0_271
JAVA_TOOL_OPTIONS=-Dfile.encoding=UTF-8
PATH=C:\Program Files\Common Files\Oracle\Java\javapath;C:\Program Files (x86)\Common Files\Oracle\Java\javapath;C:\Program Files (x86)\Intel\Intel(R) Management Engine Components\iCLS\;C:\Program Files\Intel\Intel(R) Management Engine Components\iCLS\;C:\WINDOWS\system32;C:\WINDOWS;C:\WINDOWS\System32\Wbem;C:\WINDOWS\System32\WindowsPowerShell\v1.0\;C:\WINDOWS\System32\OpenSSH\;C:\Program Files (x86)\Intel\Intel(R) Management Engine Components\DAL;C:\Program Files\Intel\Intel(R) Management Engine Components\DAL;C:\Program Files (x86)\Intel\Intel(R) Management Engine Components\IPT;C:\Program Files\Intel\Intel(R) Management Engine Components\IPT;C:\Program Files (x86)\NVIDIA Corporation\PhysX\Common;C:\Program Files\NVIDIA Corporation\NVIDIA NvDLISR;C:\Program Files\Git\cmd;C:\Program Files\dotnet\;C:\WINDOWS\system32;C:\WINDOWS;C:\WINDOWS\System32\Wbem;C:\WINDOWS\System32\WindowsPowerShell\v1.0\;C:\WINDOWS\System32\OpenSSH\;C:\Program Files\PuTTY\;C:\Program Files\SourceGear\Common\DiffMerge\;C:\Users\Pichau\AppData\Local\Programs\Python\Python37\Scripts\;C:\Users\Pichau\AppData\Local\Programs\Python\Python37\;C:\Users\Pichau\AppData\Local\Microsoft\WindowsApps;C:\Users\Pichau\.dotnet\tools;C:\Users\Pichau\AppData\Local\Programs\Microsoft VS Code\bin;C:\Users\Pichau\AppData\Local\GitHubDesktop\bin;
USERNAME=Pichau
OS=Windows_NT
PROCESSOR_IDENTIFIER=Intel64 Family 6 Model 158 Stepping 9, GenuineIntel



---------------  S Y S T E M  ---------------

OS: Windows 10 , 64 bit Build 19041 (10.0.19041.1741)

CPU:total 4 (initial active 4) (2 cores per cpu, 2 threads per core) family 6 model 158 stepping 9 microcode 0xb4, cmov, cx8, fxsr, mmx, sse, sse2, sse3, ssse3, sse4.1, sse4.2, popcnt, aes, clmul, erms, 3dnowpref, lzcnt, ht, tsc, tscinvbit

Memory: 4k page, system-wide physical 12252M (2552M free)
TotalPageFile size 12252M (AvailPageFile size 109M)
current process WorkingSet (physical memory assigned to process): 9M, peak: 9M
current process commit charge ("private bytes"): 52M, peak: 244M

vm_info: Java HotSpot(TM) 64-Bit Server VM (11.0.11+9-LTS-194) for windows-amd64 JRE (11.0.11+9-LTS-194), built on Mar 18 2021 18:46:53 by "mach5one" with MS VC++ 15.9 (VS2017)

END.
